app/manifest-merger-release-report.txt
-- Merging decision tree log ---
manifest
ADDED from AndroidManifest.xml:2:1
	package
		ADDED from AndroidManifest.xml:3:5
		INJECTED from AndroidManifest.xml:0:0
		INJECTED from AndroidManifest.xml:0:0
	android:versionName
		INJECTED from AndroidManifest.xml:0:0
		INJECTED from AndroidManifest.xml:0:0
	xmlns:android
		ADDED from AndroidManifest.xml:2:11
	android:versionCode
		INJECTED from AndroidManifest.xml:0:0
		INJECTED from AndroidManifest.xml:0:0
compatible-screens
ADDED from AndroidManifest.xml:5:5
screen#small+ldpi
ADDED from AndroidManifest.xml:7:9
	android:screenDensity
		ADDED from AndroidManifest.xml:7:44
	android:screenSize
		ADDED from AndroidManifest.xml:7:17
screen#small+mdpi
ADDED from AndroidManifest.xml:8:9
	android:screenDensity
		ADDED from AndroidManifest.xml:8:44
	android:screenSize
		ADDED from AndroidManifest.xml:8:17
screen#small+hdpi
ADDED from AndroidManifest.xml:9:9
	android:screenDensity
		ADDED from AndroidManifest.xml:9:44
	android:screenSize
		ADDED from AndroidManifest.xml:9:17
screen#small+xhdpi
ADDED from AndroidManifest.xml:10:9
	android:screenDensity
		ADDED from AndroidManifest.xml:10:44
	android:screenSize
		ADDED from AndroidManifest.xml:10:17
screen#normal+ldpi
ADDED from AndroidManifest.xml:12:9
	android:screenDensity
		ADDED from AndroidManifest.xml:12:45
	android:screenSize
		ADDED from AndroidManifest.xml:12:17
screen#normal+mdpi
ADDED from AndroidManifest.xml:13:9
	android:screenDensity
		ADDED from AndroidManifest.xml:13:45
	android:screenSize
		ADDED from AndroidManifest.xml:13:17
screen#normal+hdpi
ADDED from AndroidManifest.xml:14:9
	android:screenDensity
		ADDED from AndroidManifest.xml:14:45
	android:screenSize
		ADDED from AndroidManifest.xml:14:17
screen#normal+xhdpi
ADDED from AndroidManifest.xml:15:9
	android:screenDensity
		ADDED from AndroidManifest.xml:15:45
	android:screenSize
		ADDED from AndroidManifest.xml:15:17
application
ADDED from AndroidManifest.xml:18:5
MERGED from com.android.support:appcompat-v7:21.0.3:16:5
MERGED from com.android.support:support-v4:21.0.3:16:5
	android:label
		ADDED from AndroidManifest.xml:21:9
	android:allowBackup
		ADDED from AndroidManifest.xml:19:9
	android:icon
		ADDED from AndroidManifest.xml:20:9
	android:theme
		ADDED from AndroidManifest.xml:22:9
activity#com.example.jc20.myapplication.MainActivity
ADDED from AndroidManifest.xml:23:9
	android:label
		ADDED from AndroidManifest.xml:25:13
	android:name
		ADDED from AndroidManifest.xml:24:13
intent-filter#android.intent.action.MAIN+android.intent.category.LAUNCHER
ADDED from AndroidManifest.xml:26:13
action#android.intent.action.MAIN
ADDED from AndroidManifest.xml:27:17
	android:name
		ADDED from AndroidManifest.xml:27:25
category#android.intent.category.LAUNCHER
ADDED from AndroidManifest.xml:29:17
	android:name
		ADDED from AndroidManifest.xml:29:27
activity#com.example.jc20.myapplication.products
ADDED from AndroidManifest.xml:32:9
	android:label
		ADDED from AndroidManifest.xml:34:13
	android:name
		ADDED from AndroidManifest.xml:33:13
activity#com.example.jc20.myapplication.aboutUs
ADDED from AndroidManifest.xml:36:9
	android:label
		ADDED from AndroidManifest.xml:38:13
	android:name
		ADDED from AndroidManifest.xml:37:13
activity#com.example.jc20.myapplication.videos
ADDED from AndroidManifest.xml:40:9
	android:label
		ADDED from AndroidManifest.xml:42:13
	android:name
		ADDED from AndroidManifest.xml:41:13
uses-sdk
INJECTED from AndroidManifest.xml:0:0 reason: use-sdk injection requested
MERGED from com.android.support:appcompat-v7:21.0.3:15:5
MERGED from com.android.support:support-v4:21.0.3:15:5
	android:targetSdkVersion
		INJECTED from AndroidManifest.xml:0:0
		INJECTED from AndroidManifest.xml:0:0
	android:minSdkVersion
		INJECTED from AndroidManifest.xml:0:0
		INJECTED from AndroidManifest.xml:0:0